2020-02-19 23:30:19 [127.0.0.1][-][-][error][yii\i18n\PhpMessageSource::loadMessages] The message file for category 'app' does not exist: D:\OSPanel\domains\myblog\_protected\backend/messages/ru/app.php
    in D:\OSPanel\domains\myblog\_protected\backend\views\site\login.php:9
    in D:\OSPanel\domains\myblog\_protected\backend\controllers\SiteController.php:108
2020-02-19 23:30:19 [127.0.0.1][-][-][info][application] $_COOKIE = [
    '_csrf' => '769912776e2e2613f1b5dee30234b3a7be43362dab51ebd6d5cbc7a5273821c0a:2:{i:0;s:5:\"_csrf\";i:1;s:32:\"5QqqyOxvPCt3WCGboZ9XBGWU6__fM6k1\";}'
    'PHPSESSID' => 'udeo08qmjjd23ifa1leheg8o71'
]

$_SESSION = [
    '__flash' => []
    '__returnUrl' => '/backend/'
]

$_SERVER = [
    'REDIRECT_STATUS' => '200'
    'HTTP_HOST' => 'myblog'
    'HTTP_X_REAL_IP' => '127.0.0.1'
    'HTTP_X_FORWARDED_PROTO' => 'http'
    'HTTP_CONNECTION' => 'close'
    'HTTP_UPGRADE_INSECURE_REQUESTS' => '1'
    'HTTP_USER_AGENT' => 'Mozilla/5.0 (Windows NT 10.0; Win64; x64) AppleWebKit/537.36 (KHTML, like Gecko) Chrome/80.0.3987.116 Safari/537.36'
    'HTTP_ACCEPT' => 'text/html,application/xhtml+xml,application/xml;q=0.9,image/webp,image/apng,*/*;q=0.8,application/signed-exchange;v=b3;q=0.9'
    'HTTP_ACCEPT_ENCODING' => 'gzip, deflate'
    'HTTP_ACCEPT_LANGUAGE' => 'ru-RU,ru;q=0.9,en-US;q=0.8,en;q=0.7'
    'HTTP_COOKIE' => '_csrf=769912776e2e2613f1b5dee30234b3a7be43362dab51ebd6d5cbc7a5273821c0a%3A2%3A%7Bi%3A0%3Bs%3A5%3A%22_csrf%22%3Bi%3A1%3Bs%3A32%3A%225QqqyOxvPCt3WCGboZ9XBGWU6__fM6k1%22%3B%7D; PHPSESSID=udeo08qmjjd23ifa1leheg8o71'
    'PATH' => 'd:\\ospanel\\modules\\php\\PHP-7.0-x64\\ext;d:\\ospanel\\modules\\php\\PHP-7.0-x64\\pear;d:\\ospanel\\modules\\php\\PHP-7.0-x64\\pear\\bin;d:\\ospanel\\modules\\php\\PHP-7.0-x64;d:\\ospanel\\modules\\imagemagick;d:\\ospanel\\modules\\wget\\bin;d:\\ospanel\\modules\\git;d:\\ospanel\\modules\\git\\bin;d:\\ospanel\\modules\\git\\mingw\\bin;d:\\ospanel\\modules\\git\\cmd;d:\\ospanel\\modules\\database\\MySQL-5.7-x64\\bin;d:\\ospanel\\modules\\http\\Apache-PHP-7-x64+Nginx-1.12\\bin;d:\\ospanel\\modules\\http\\Apache-PHP-7-x64+Nginx-1.12;C:\\Windows\\system32;C:\\Windows;C:\\Windows\\system32\\Wbem;C:\\Windows\\SysWOW64'
    'SystemRoot' => 'C:\\Windows'
    'COMSPEC' => 'C:\\Windows\\system32\\cmd.exe'
    'PATHEXT' => '.COM;.EXE;.BAT;.CMD;.VBS;.VBE;.JS;.JSE;.WSF;.WSH;.MSC'
    'WINDIR' => 'C:\\Windows'
    'SERVER_SIGNATURE' => ''
    'SERVER_SOFTWARE' => 'Apache'
    'SERVER_NAME' => 'myblog'
    'SERVER_ADDR' => '127.0.0.1'
    'SERVER_PORT' => '80'
    'REMOTE_ADDR' => '127.0.0.1'
    'DOCUMENT_ROOT' => 'D:/OSPanel/domains/myblog'
    'REQUEST_SCHEME' => 'http'
    'CONTEXT_PREFIX' => ''
    'CONTEXT_DOCUMENT_ROOT' => 'D:/OSPanel/domains/myblog'
    'SERVER_ADMIN' => '[no address given]'
    'SCRIPT_FILENAME' => 'D:/OSPanel/domains/myblog/backend/index.php'
    'REMOTE_PORT' => '6922'
    'REDIRECT_URL' => '/backend/ru/site/login'
    'GATEWAY_INTERFACE' => 'CGI/1.1'
    'SERVER_PROTOCOL' => 'HTTP/1.0'
    'REQUEST_METHOD' => 'GET'
    'QUERY_STRING' => ''
    'REQUEST_URI' => '/backend/ru/site/login'
    'SCRIPT_NAME' => '/backend/index.php'
    'PHP_SELF' => '/backend/index.php'
    'REQUEST_TIME_FLOAT' => 1582144219.349
    'REQUEST_TIME' => 1582144219
    'argv' => []
    'argc' => 0
]
2020-02-19 23:30:24 [127.0.0.1][-][-][error][yii\i18n\PhpMessageSource::loadMessages] The message file for category 'app' does not exist: D:\OSPanel\domains\myblog\_protected\backend/messages/ru/app.php
    in D:\OSPanel\domains\myblog\_protected\backend\views\site\login.php:9
    in D:\OSPanel\domains\myblog\_protected\backend\controllers\SiteController.php:108
2020-02-19 23:30:24 [127.0.0.1][-][-][info][application] $_POST = [
    '_csrf' => 'U3UtYkktRHocRxozCkhyCGAMAC8KdRwrGkJrBiEacDQrBEgoM1QLJQ=='
    'LoginForm' => [
        'username' => 'Makhmudov'
        'password' => '7000511a'
        'rememberMe' => '1'
    ]
    'login-button' => ''
]

$_COOKIE = [
    'PHPSESSID' => 'udeo08qmjjd23ifa1leheg8o71'
    '_csrf' => 'f3f58170288444813236f9f6a23231ec5598a1e0e6534cdcae4c2fc33f4792c9a:2:{i:0;s:5:\"_csrf\";i:1;s:32:\"O27QCe6r3y-MCXXQI7Fdh74NxqeJzyO_\";}'
]

$_SESSION = [
    '__flash' => []
    '__returnUrl' => '/backend/'
]

$_SERVER = [
    'REDIRECT_STATUS' => '200'
    'HTTP_HOST' => 'myblog'
    'HTTP_X_REAL_IP' => '127.0.0.1'
    'HTTP_X_FORWARDED_PROTO' => 'http'
    'HTTP_CONNECTION' => 'close'
    'CONTENT_LENGTH' => '203'
    'HTTP_CACHE_CONTROL' => 'max-age=0'
    'HTTP_ORIGIN' => 'http://myblog'
    'HTTP_UPGRADE_INSECURE_REQUESTS' => '1'
    'CONTENT_TYPE' => 'application/x-www-form-urlencoded'
    'HTTP_USER_AGENT' => 'Mozilla/5.0 (Windows NT 10.0; Win64; x64) AppleWebKit/537.36 (KHTML, like Gecko) Chrome/80.0.3987.116 Safari/537.36'
    'HTTP_ACCEPT' => 'text/html,application/xhtml+xml,application/xml;q=0.9,image/webp,image/apng,*/*;q=0.8,application/signed-exchange;v=b3;q=0.9'
    'HTTP_REFERER' => 'http://myblog/backend/ru/site/login'
    'HTTP_ACCEPT_ENCODING' => 'gzip, deflate'
    'HTTP_ACCEPT_LANGUAGE' => 'ru-RU,ru;q=0.9,en-US;q=0.8,en;q=0.7'
    'HTTP_COOKIE' => 'PHPSESSID=udeo08qmjjd23ifa1leheg8o71; _csrf=f3f58170288444813236f9f6a23231ec5598a1e0e6534cdcae4c2fc33f4792c9a%3A2%3A%7Bi%3A0%3Bs%3A5%3A%22_csrf%22%3Bi%3A1%3Bs%3A32%3A%22O27QCe6r3y-MCXXQI7Fdh74NxqeJzyO_%22%3B%7D'
    'PATH' => 'd:\\ospanel\\modules\\php\\PHP-7.0-x64\\ext;d:\\ospanel\\modules\\php\\PHP-7.0-x64\\pear;d:\\ospanel\\modules\\php\\PHP-7.0-x64\\pear\\bin;d:\\ospanel\\modules\\php\\PHP-7.0-x64;d:\\ospanel\\modules\\imagemagick;d:\\ospanel\\modules\\wget\\bin;d:\\ospanel\\modules\\git;d:\\ospanel\\modules\\git\\bin;d:\\ospanel\\modules\\git\\mingw\\bin;d:\\ospanel\\modules\\git\\cmd;d:\\ospanel\\modules\\database\\MySQL-5.7-x64\\bin;d:\\ospanel\\modules\\http\\Apache-PHP-7-x64+Nginx-1.12\\bin;d:\\ospanel\\modules\\http\\Apache-PHP-7-x64+Nginx-1.12;C:\\Windows\\system32;C:\\Windows;C:\\Windows\\system32\\Wbem;C:\\Windows\\SysWOW64'
    'SystemRoot' => 'C:\\Windows'
    'COMSPEC' => 'C:\\Windows\\system32\\cmd.exe'
    'PATHEXT' => '.COM;.EXE;.BAT;.CMD;.VBS;.VBE;.JS;.JSE;.WSF;.WSH;.MSC'
    'WINDIR' => 'C:\\Windows'
    'SERVER_SIGNATURE' => ''
    'SERVER_SOFTWARE' => 'Apache'
    'SERVER_NAME' => 'myblog'
    'SERVER_ADDR' => '127.0.0.1'
    'SERVER_PORT' => '80'
    'REMOTE_ADDR' => '127.0.0.1'
    'DOCUMENT_ROOT' => 'D:/OSPanel/domains/myblog'
    'REQUEST_SCHEME' => 'http'
    'CONTEXT_PREFIX' => ''
    'CONTEXT_DOCUMENT_ROOT' => 'D:/OSPanel/domains/myblog'
    'SERVER_ADMIN' => '[no address given]'
    'SCRIPT_FILENAME' => 'D:/OSPanel/domains/myblog/backend/index.php'
    'REMOTE_PORT' => '6928'
    'REDIRECT_URL' => '/backend/ru/site/login'
    'GATEWAY_INTERFACE' => 'CGI/1.1'
    'SERVER_PROTOCOL' => 'HTTP/1.0'
    'REQUEST_METHOD' => 'POST'
    'QUERY_STRING' => ''
    'REQUEST_URI' => '/backend/ru/site/login'
    'SCRIPT_NAME' => '/backend/index.php'
    'PHP_SELF' => '/backend/index.php'
    'REQUEST_TIME_FLOAT' => 1582144224.182
    'REQUEST_TIME' => 1582144224
    'argv' => []
    'argc' => 0
]
