2020-02-22 09:41:57 [127.0.0.1][-][-][error][yii\i18n\PhpMessageSource::loadMessages] The message file for category 'app' does not exist: D:\OSPanel\domains\myblog\_protected\frontend/messages/ru/app.php
    in D:\OSPanel\domains\myblog\_protected\frontend\views\site\index.php:3
    in D:\OSPanel\domains\myblog\_protected\frontend\controllers\SiteController.php:90
2020-02-22 09:41:55 [127.0.0.1][-][-][info][application] $_SERVER = [
    'HTTP_HOST' => 'myblog'
    'HTTP_X_REAL_IP' => '127.0.0.1'
    'HTTP_X_FORWARDED_PROTO' => 'http'
    'HTTP_CONNECTION' => 'close'
    'HTTP_UPGRADE_INSECURE_REQUESTS' => '1'
    'HTTP_USER_AGENT' => 'Mozilla/5.0 (Windows NT 10.0; Win64; x64) AppleWebKit/537.36 (KHTML, like Gecko) Chrome/80.0.3987.116 Safari/537.36'
    'HTTP_ACCEPT' => 'text/html,application/xhtml+xml,application/xml;q=0.9,image/webp,image/apng,*/*;q=0.8,application/signed-exchange;v=b3;q=0.9'
    'HTTP_ACCEPT_ENCODING' => 'gzip, deflate'
    'HTTP_ACCEPT_LANGUAGE' => 'en-US,en;q=0.9'
    'PATH' => 'd:\\ospanel\\modules\\php\\PHP-7.0-x64\\ext;d:\\ospanel\\modules\\php\\PHP-7.0-x64\\pear;d:\\ospanel\\modules\\php\\PHP-7.0-x64\\pear\\bin;d:\\ospanel\\modules\\php\\PHP-7.0-x64;d:\\ospanel\\modules\\imagemagick;d:\\ospanel\\modules\\wget\\bin;d:\\ospanel\\modules\\git;d:\\ospanel\\modules\\git\\bin;d:\\ospanel\\modules\\git\\mingw\\bin;d:\\ospanel\\modules\\git\\cmd;d:\\ospanel\\modules\\database\\MySQL-5.7-x64\\bin;d:\\ospanel\\modules\\http\\Apache-PHP-7-x64+Nginx-1.12\\bin;d:\\ospanel\\modules\\http\\Apache-PHP-7-x64+Nginx-1.12;C:\\WINDOWS\\system32;C:\\WINDOWS;C:\\WINDOWS\\system32\\Wbem;C:\\WINDOWS\\SysWOW64'
    'SystemRoot' => 'C:\\WINDOWS'
    'COMSPEC' => 'C:\\WINDOWS\\system32\\cmd.exe'
    'PATHEXT' => '.COM;.EXE;.BAT;.CMD;.VBS;.VBE;.JS;.JSE;.WSF;.WSH;.MSC'
    'WINDIR' => 'C:\\WINDOWS'
    'SERVER_SIGNATURE' => ''
    'SERVER_SOFTWARE' => 'Apache'
    'SERVER_NAME' => 'myblog'
    'SERVER_ADDR' => '127.0.0.1'
    'SERVER_PORT' => '80'
    'REMOTE_ADDR' => '127.0.0.1'
    'DOCUMENT_ROOT' => 'D:/OSPanel/domains/myblog'
    'REQUEST_SCHEME' => 'http'
    'CONTEXT_PREFIX' => ''
    'CONTEXT_DOCUMENT_ROOT' => 'D:/OSPanel/domains/myblog'
    'SERVER_ADMIN' => '[no address given]'
    'SCRIPT_FILENAME' => 'D:/OSPanel/domains/myblog/index.php'
    'REMOTE_PORT' => '5965'
    'GATEWAY_INTERFACE' => 'CGI/1.1'
    'SERVER_PROTOCOL' => 'HTTP/1.0'
    'REQUEST_METHOD' => 'GET'
    'QUERY_STRING' => ''
    'REQUEST_URI' => '/'
    'SCRIPT_NAME' => '/index.php'
    'PHP_SELF' => '/index.php'
    'REQUEST_TIME_FLOAT' => 1582353715.642
    'REQUEST_TIME' => 1582353715
    'argv' => []
    'argc' => 0
]
2020-02-22 09:42:34 [127.0.0.1][-][-][error][yii\i18n\PhpMessageSource::loadMessages] The message file for category 'app' does not exist: D:\OSPanel\domains\myblog\_protected\frontend/messages/ru/app.php
    in D:\OSPanel\domains\myblog\_protected\frontend\views\site\index.php:3
    in D:\OSPanel\domains\myblog\_protected\frontend\controllers\SiteController.php:90
2020-02-22 09:42:34 [127.0.0.1][-][-][info][application] $_COOKIE = [
    '_csrf' => '56be8dcd3ff64a73ec24d63dd1e640f3812ab8c091726d92872197ff5f7217c4a:2:{i:0;s:5:\"_csrf\";i:1;s:32:\"q5zS7CI9lJya2xQ8_oOmSSK4ch9x7_hN\";}'
]

$_SERVER = [
    'HTTP_HOST' => 'myblog'
    'HTTP_X_REAL_IP' => '127.0.0.1'
    'HTTP_X_FORWARDED_PROTO' => 'http'
    'HTTP_CONNECTION' => 'close'
    'HTTP_CACHE_CONTROL' => 'max-age=0'
    'HTTP_UPGRADE_INSECURE_REQUESTS' => '1'
    'HTTP_USER_AGENT' => 'Mozilla/5.0 (Windows NT 10.0; Win64; x64) AppleWebKit/537.36 (KHTML, like Gecko) Chrome/80.0.3987.116 Safari/537.36'
    'HTTP_ACCEPT' => 'text/html,application/xhtml+xml,application/xml;q=0.9,image/webp,image/apng,*/*;q=0.8,application/signed-exchange;v=b3;q=0.9'
    'HTTP_ACCEPT_ENCODING' => 'gzip, deflate'
    'HTTP_ACCEPT_LANGUAGE' => 'en-US,en;q=0.9'
    'HTTP_COOKIE' => '_csrf=56be8dcd3ff64a73ec24d63dd1e640f3812ab8c091726d92872197ff5f7217c4a%3A2%3A%7Bi%3A0%3Bs%3A5%3A%22_csrf%22%3Bi%3A1%3Bs%3A32%3A%22q5zS7CI9lJya2xQ8_oOmSSK4ch9x7_hN%22%3B%7D'
    'PATH' => 'd:\\ospanel\\modules\\php\\PHP-7.0-x64\\ext;d:\\ospanel\\modules\\php\\PHP-7.0-x64\\pear;d:\\ospanel\\modules\\php\\PHP-7.0-x64\\pear\\bin;d:\\ospanel\\modules\\php\\PHP-7.0-x64;d:\\ospanel\\modules\\imagemagick;d:\\ospanel\\modules\\wget\\bin;d:\\ospanel\\modules\\git;d:\\ospanel\\modules\\git\\bin;d:\\ospanel\\modules\\git\\mingw\\bin;d:\\ospanel\\modules\\git\\cmd;d:\\ospanel\\modules\\database\\MySQL-5.7-x64\\bin;d:\\ospanel\\modules\\http\\Apache-PHP-7-x64+Nginx-1.12\\bin;d:\\ospanel\\modules\\http\\Apache-PHP-7-x64+Nginx-1.12;C:\\WINDOWS\\system32;C:\\WINDOWS;C:\\WINDOWS\\system32\\Wbem;C:\\WINDOWS\\SysWOW64'
    'SystemRoot' => 'C:\\WINDOWS'
    'COMSPEC' => 'C:\\WINDOWS\\system32\\cmd.exe'
    'PATHEXT' => '.COM;.EXE;.BAT;.CMD;.VBS;.VBE;.JS;.JSE;.WSF;.WSH;.MSC'
    'WINDIR' => 'C:\\WINDOWS'
    'SERVER_SIGNATURE' => ''
    'SERVER_SOFTWARE' => 'Apache'
    'SERVER_NAME' => 'myblog'
    'SERVER_ADDR' => '127.0.0.1'
    'SERVER_PORT' => '80'
    'REMOTE_ADDR' => '127.0.0.1'
    'DOCUMENT_ROOT' => 'D:/OSPanel/domains/myblog'
    'REQUEST_SCHEME' => 'http'
    'CONTEXT_PREFIX' => ''
    'CONTEXT_DOCUMENT_ROOT' => 'D:/OSPanel/domains/myblog'
    'SERVER_ADMIN' => '[no address given]'
    'SCRIPT_FILENAME' => 'D:/OSPanel/domains/myblog/index.php'
    'REMOTE_PORT' => '5971'
    'GATEWAY_INTERFACE' => 'CGI/1.1'
    'SERVER_PROTOCOL' => 'HTTP/1.0'
    'REQUEST_METHOD' => 'GET'
    'QUERY_STRING' => ''
    'REQUEST_URI' => '/'
    'SCRIPT_NAME' => '/index.php'
    'PHP_SELF' => '/index.php'
    'REQUEST_TIME_FLOAT' => 1582353754.074
    'REQUEST_TIME' => 1582353754
    'argv' => []
    'argc' => 0
]
2020-02-22 09:42:37 [127.0.0.1][-][-][error][yii\i18n\PhpMessageSource::loadMessages] The message file for category 'app' does not exist: D:\OSPanel\domains\myblog\_protected\frontend/messages/ru/app.php
    in D:\OSPanel\domains\myblog\_protected\frontend\views\site\index.php:3
    in D:\OSPanel\domains\myblog\_protected\frontend\controllers\SiteController.php:90
2020-02-22 09:42:37 [127.0.0.1][-][-][info][application] $_COOKIE = [
    '_csrf' => '56be8dcd3ff64a73ec24d63dd1e640f3812ab8c091726d92872197ff5f7217c4a:2:{i:0;s:5:\"_csrf\";i:1;s:32:\"q5zS7CI9lJya2xQ8_oOmSSK4ch9x7_hN\";}'
]

$_SERVER = [
    'HTTP_HOST' => 'myblog'
    'HTTP_X_REAL_IP' => '127.0.0.1'
    'HTTP_X_FORWARDED_PROTO' => 'http'
    'HTTP_CONNECTION' => 'close'
    'HTTP_CACHE_CONTROL' => 'max-age=0'
    'HTTP_UPGRADE_INSECURE_REQUESTS' => '1'
    'HTTP_USER_AGENT' => 'Mozilla/5.0 (Windows NT 10.0; Win64; x64) AppleWebKit/537.36 (KHTML, like Gecko) Chrome/80.0.3987.116 Safari/537.36'
    'HTTP_ACCEPT' => 'text/html,application/xhtml+xml,application/xml;q=0.9,image/webp,image/apng,*/*;q=0.8,application/signed-exchange;v=b3;q=0.9'
    'HTTP_ACCEPT_ENCODING' => 'gzip, deflate'
    'HTTP_ACCEPT_LANGUAGE' => 'en-US,en;q=0.9'
    'HTTP_COOKIE' => '_csrf=56be8dcd3ff64a73ec24d63dd1e640f3812ab8c091726d92872197ff5f7217c4a%3A2%3A%7Bi%3A0%3Bs%3A5%3A%22_csrf%22%3Bi%3A1%3Bs%3A32%3A%22q5zS7CI9lJya2xQ8_oOmSSK4ch9x7_hN%22%3B%7D'
    'PATH' => 'd:\\ospanel\\modules\\php\\PHP-7.0-x64\\ext;d:\\ospanel\\modules\\php\\PHP-7.0-x64\\pear;d:\\ospanel\\modules\\php\\PHP-7.0-x64\\pear\\bin;d:\\ospanel\\modules\\php\\PHP-7.0-x64;d:\\ospanel\\modules\\imagemagick;d:\\ospanel\\modules\\wget\\bin;d:\\ospanel\\modules\\git;d:\\ospanel\\modules\\git\\bin;d:\\ospanel\\modules\\git\\mingw\\bin;d:\\ospanel\\modules\\git\\cmd;d:\\ospanel\\modules\\database\\MySQL-5.7-x64\\bin;d:\\ospanel\\modules\\http\\Apache-PHP-7-x64+Nginx-1.12\\bin;d:\\ospanel\\modules\\http\\Apache-PHP-7-x64+Nginx-1.12;C:\\WINDOWS\\system32;C:\\WINDOWS;C:\\WINDOWS\\system32\\Wbem;C:\\WINDOWS\\SysWOW64'
    'SystemRoot' => 'C:\\WINDOWS'
    'COMSPEC' => 'C:\\WINDOWS\\system32\\cmd.exe'
    'PATHEXT' => '.COM;.EXE;.BAT;.CMD;.VBS;.VBE;.JS;.JSE;.WSF;.WSH;.MSC'
    'WINDIR' => 'C:\\WINDOWS'
    'SERVER_SIGNATURE' => ''
    'SERVER_SOFTWARE' => 'Apache'
    'SERVER_NAME' => 'myblog'
    'SERVER_ADDR' => '127.0.0.1'
    'SERVER_PORT' => '80'
    'REMOTE_ADDR' => '127.0.0.1'
    'DOCUMENT_ROOT' => 'D:/OSPanel/domains/myblog'
    'REQUEST_SCHEME' => 'http'
    'CONTEXT_PREFIX' => ''
    'CONTEXT_DOCUMENT_ROOT' => 'D:/OSPanel/domains/myblog'
    'SERVER_ADMIN' => '[no address given]'
    'SCRIPT_FILENAME' => 'D:/OSPanel/domains/myblog/index.php'
    'REMOTE_PORT' => '5974'
    'GATEWAY_INTERFACE' => 'CGI/1.1'
    'SERVER_PROTOCOL' => 'HTTP/1.0'
    'REQUEST_METHOD' => 'GET'
    'QUERY_STRING' => ''
    'REQUEST_URI' => '/'
    'SCRIPT_NAME' => '/index.php'
    'PHP_SELF' => '/index.php'
    'REQUEST_TIME_FLOAT' => 1582353757.245
    'REQUEST_TIME' => 1582353757
    'argv' => []
    'argc' => 0
]
2020-02-22 09:42:38 [127.0.0.1][-][-][error][yii\i18n\PhpMessageSource::loadMessages] The message file for category 'app' does not exist: D:\OSPanel\domains\myblog\_protected\frontend/messages/ru/app.php
    in D:\OSPanel\domains\myblog\_protected\frontend\views\site\index.php:3
    in D:\OSPanel\domains\myblog\_protected\frontend\controllers\SiteController.php:90
2020-02-22 09:42:38 [127.0.0.1][-][-][info][application] $_COOKIE = [
    '_csrf' => '56be8dcd3ff64a73ec24d63dd1e640f3812ab8c091726d92872197ff5f7217c4a:2:{i:0;s:5:\"_csrf\";i:1;s:32:\"q5zS7CI9lJya2xQ8_oOmSSK4ch9x7_hN\";}'
]

$_SERVER = [
    'HTTP_HOST' => 'myblog'
    'HTTP_X_REAL_IP' => '127.0.0.1'
    'HTTP_X_FORWARDED_PROTO' => 'http'
    'HTTP_CONNECTION' => 'close'
    'HTTP_CACHE_CONTROL' => 'max-age=0'
    'HTTP_UPGRADE_INSECURE_REQUESTS' => '1'
    'HTTP_USER_AGENT' => 'Mozilla/5.0 (Windows NT 10.0; Win64; x64) AppleWebKit/537.36 (KHTML, like Gecko) Chrome/80.0.3987.116 Safari/537.36'
    'HTTP_ACCEPT' => 'text/html,application/xhtml+xml,application/xml;q=0.9,image/webp,image/apng,*/*;q=0.8,application/signed-exchange;v=b3;q=0.9'
    'HTTP_ACCEPT_ENCODING' => 'gzip, deflate'
    'HTTP_ACCEPT_LANGUAGE' => 'en-US,en;q=0.9'
    'HTTP_COOKIE' => '_csrf=56be8dcd3ff64a73ec24d63dd1e640f3812ab8c091726d92872197ff5f7217c4a%3A2%3A%7Bi%3A0%3Bs%3A5%3A%22_csrf%22%3Bi%3A1%3Bs%3A32%3A%22q5zS7CI9lJya2xQ8_oOmSSK4ch9x7_hN%22%3B%7D'
    'PATH' => 'd:\\ospanel\\modules\\php\\PHP-7.0-x64\\ext;d:\\ospanel\\modules\\php\\PHP-7.0-x64\\pear;d:\\ospanel\\modules\\php\\PHP-7.0-x64\\pear\\bin;d:\\ospanel\\modules\\php\\PHP-7.0-x64;d:\\ospanel\\modules\\imagemagick;d:\\ospanel\\modules\\wget\\bin;d:\\ospanel\\modules\\git;d:\\ospanel\\modules\\git\\bin;d:\\ospanel\\modules\\git\\mingw\\bin;d:\\ospanel\\modules\\git\\cmd;d:\\ospanel\\modules\\database\\MySQL-5.7-x64\\bin;d:\\ospanel\\modules\\http\\Apache-PHP-7-x64+Nginx-1.12\\bin;d:\\ospanel\\modules\\http\\Apache-PHP-7-x64+Nginx-1.12;C:\\WINDOWS\\system32;C:\\WINDOWS;C:\\WINDOWS\\system32\\Wbem;C:\\WINDOWS\\SysWOW64'
    'SystemRoot' => 'C:\\WINDOWS'
    'COMSPEC' => 'C:\\WINDOWS\\system32\\cmd.exe'
    'PATHEXT' => '.COM;.EXE;.BAT;.CMD;.VBS;.VBE;.JS;.JSE;.WSF;.WSH;.MSC'
    'WINDIR' => 'C:\\WINDOWS'
    'SERVER_SIGNATURE' => ''
    'SERVER_SOFTWARE' => 'Apache'
    'SERVER_NAME' => 'myblog'
    'SERVER_ADDR' => '127.0.0.1'
    'SERVER_PORT' => '80'
    'REMOTE_ADDR' => '127.0.0.1'
    'DOCUMENT_ROOT' => 'D:/OSPanel/domains/myblog'
    'REQUEST_SCHEME' => 'http'
    'CONTEXT_PREFIX' => ''
    'CONTEXT_DOCUMENT_ROOT' => 'D:/OSPanel/domains/myblog'
    'SERVER_ADMIN' => '[no address given]'
    'SCRIPT_FILENAME' => 'D:/OSPanel/domains/myblog/index.php'
    'REMOTE_PORT' => '5976'
    'GATEWAY_INTERFACE' => 'CGI/1.1'
    'SERVER_PROTOCOL' => 'HTTP/1.0'
    'REQUEST_METHOD' => 'GET'
    'QUERY_STRING' => ''
    'REQUEST_URI' => '/'
    'SCRIPT_NAME' => '/index.php'
    'PHP_SELF' => '/index.php'
    'REQUEST_TIME_FLOAT' => 1582353758.937
    'REQUEST_TIME' => 1582353758
    'argv' => []
    'argc' => 0
]
